<?xml version="1.0" encoding="UTF-8"?>
<!-- Generated by org.testng.reporters.JUnitReportReporter -->
<testsuite skipped="0" hostname="DESKTOP-GQF8HD8" name="com.pages.Add_Book_assignments" tests="2" failures="0" timestamp="19 Jun 2019 22:26:29 GMT" time="4.715" errors="0">
  <testcase name="auntintication" time="2.439" classname="com.pages.Add_Book_assignments"/>
  <testcase name="getBook" time="2.276" classname="com.pages.Add_Book_assignments"/>
</testsuite> <!-- com.pages.Add_Book_assignments -->
