<?xml version="1.0" encoding="UTF-8"?>
<!-- Generated by org.testng.reporters.JUnitReportReporter -->
<testsuite skipped="0" hostname="DESKTOP-GQF8HD8" name="com.pages.Api_Page" tests="2" failures="0" timestamp="29 May 2019 11:50:23 GMT" time="4.432" errors="0">
  <testcase name="getBook" time="1.377" classname="com.pages.Api_Page"/>
  <testcase name="auntintication" time="3.055" classname="com.pages.Api_Page"/>
</testsuite> <!-- com.pages.Api_Page -->
